d:\my codes\siprikorea\splayer\decoders\faac\libfaac\release\libfaac.pdb
d:\my codes\siprikorea\splayer\decoders\faac\libfaac\release\util.obj
d:\my codes\siprikorea\splayer\decoders\faac\libfaac\release\tns1.obj
d:\my codes\siprikorea\splayer\decoders\faac\libfaac\release\psychkni.obj
d:\my codes\siprikorea\splayer\decoders\faac\libfaac\release\midside.obj
d:\my codes\siprikorea\splayer\decoders\faac\libfaac\release\ltp.obj
d:\my codes\siprikorea\splayer\decoders\faac\libfaac\release\huffman2.obj
d:\my codes\siprikorea\splayer\decoders\faac\libfaac\release\frame1.obj
d:\my codes\siprikorea\splayer\decoders\faac\libfaac\release\filtbank1.obj
d:\my codes\siprikorea\splayer\decoders\faac\libfaac\release\fft.obj
d:\my codes\siprikorea\splayer\decoders\faac\libfaac\release\channels.obj
d:\my codes\siprikorea\splayer\decoders\faac\libfaac\release\bitstream1.obj
d:\my codes\siprikorea\splayer\decoders\faac\libfaac\release\backpred.obj
d:\my codes\siprikorea\splayer\decoders\faac\libfaac\release\aacquant.obj
d:\my codes\siprikorea\splayer\decoders\faac\libfaac\release\libfaac.lib
d:\my codes\siprikorea\splayer\decoders\faac\libfaac\release\libfaac.tlog\cl.command.1.tlog
d:\my codes\siprikorea\splayer\decoders\faac\libfaac\release\libfaac.tlog\cl.read.1.tlog
d:\my codes\siprikorea\splayer\decoders\faac\libfaac\release\libfaac.tlog\cl.write.1.tlog
d:\my codes\siprikorea\splayer\decoders\faac\libfaac\release\libfaac.tlog\lib-link.read.1.tlog
d:\my codes\siprikorea\splayer\decoders\faac\libfaac\release\libfaac.tlog\lib-link.write.1.tlog
d:\my codes\siprikorea\splayer\decoders\faac\libfaac\release\libfaac.tlog\lib.command.1.tlog
