  util.c
  tns1.c
  psychkni.c
d:\my codes\siprikorea\splayer\decoders\faac\libfaac\psychkni.c(346): warning C4244: '=': 'double'에서 'int'(으)로 변환하면서 데이터가 손실될 수 있습니다.
d:\my codes\siprikorea\splayer\decoders\faac\libfaac\psychkni.c(393): warning C4244: '=': 'double'에서 'psyfloat'(으)로 변환하면서 데이터가 손실될 수 있습니다.
  midside.c
  ltp.c
  huffman2.c
  frame1.c
d:\my codes\siprikorea\splayer\decoders\faac\libfaac\frame1.c(235): warning C4244: '=': 'double'에서 'unsigned int'(으)로 변환하면서 데이터가 손실될 수 있습니다.
d:\my codes\siprikorea\splayer\decoders\faac\libfaac\frame1.c(241): warning C4244: '=': 'double'에서 'unsigned int'(으)로 변환하면서 데이터가 손실될 수 있습니다.
d:\my codes\siprikorea\splayer\decoders\faac\libfaac\frame1.c(242): warning C4244: '=': 'double'에서 'unsigned long'(으)로 변환하면서 데이터가 손실될 수 있습니다.
d:\my codes\siprikorea\splayer\decoders\faac\libfaac\frame1.c(245): warning C4018: '>': signed 또는 unsigned가 일치하지 않습니다.
d:\my codes\siprikorea\splayer\decoders\faac\libfaac\frame1.c(330): warning C4244: '=': 'const double'에서 'unsigned int'(으)로 변환하면서 데이터가 손실될 수 있습니다.
d:\my codes\siprikorea\splayer\decoders\faac\libfaac\frame1.c(331): warning C4018: '>': signed 또는 unsigned가 일치하지 않습니다.
d:\my codes\siprikorea\splayer\decoders\faac\libfaac\frame1.c(533): warning C4018: '<': signed 또는 unsigned가 일치하지 않습니다.
d:\my codes\siprikorea\splayer\decoders\faac\libfaac\frame1.c(545): warning C4018: '<': signed 또는 unsigned가 일치하지 않습니다.
d:\my codes\siprikorea\splayer\decoders\faac\libfaac\frame1.c(557): warning C4018: '<': signed 또는 unsigned가 일치하지 않습니다.
  filtbank1.c
  fft.c
d:\my codes\siprikorea\splayer\decoders\faac\libfaac\fft.c(614): warning C4244: '=': 'double'에서 'fftfloat'(으)로 변환하면서 데이터가 손실될 수 있습니다.
d:\my codes\siprikorea\splayer\decoders\faac\libfaac\fft.c(615): warning C4244: '=': 'double'에서 'fftfloat'(으)로 변환하면서 데이터가 손실될 수 있습니다.
  channels.c
  bitstream1.c
d:\my codes\siprikorea\splayer\decoders\faac\libfaac\bitstream1.c(124): warning C4013: 'strlen'이(가) 정의되지 않았습니다. extern은 int형을 반환하는 것으로 간주합니다.
d:\my codes\siprikorea\splayer\decoders\faac\libfaac\bitstream1.c(122): warning C4996: 'sprintf': This function or variable may be unsafe. Consider using sprintf_s instead. To disable deprecation, use _CRT_SECURE_NO_WARNINGS. See online help for details.
  c:\program files (x86)\windows kits\10\include\10.0.10240.0\ucrt\stdio.h(1769): note: 'sprintf' 선언을 참조하십시오.
  backpred.c
  aacquant.c
d:\my codes\siprikorea\splayer\decoders\faac\libfaac\aacquant.c(198): warning C4244: '함수': 'double'에서 'int'(으)로 변환하면서 데이터가 손실될 수 있습니다.
d:\my codes\siprikorea\splayer\decoders\faac\libfaac\aacquant.c(337): warning C4307: '*': 정수 계열 상수 오버플로입니다.
d:\my codes\siprikorea\splayer\decoders\faac\libfaac\aacquant.c(337): warning C4244: '=': 'double'에서 'float'(으)로 변환하면서 데이터가 손실될 수 있습니다.
d:\my codes\siprikorea\splayer\decoders\faac\libfaac\aacquant.c(446): warning C4244: '=': 'double'에서 'int'(으)로 변환하면서 데이터가 손실될 수 있습니다.
d:\my codes\siprikorea\splayer\decoders\faac\libfaac\aacquant.c(447): warning C4244: '=': 'double'에서 'int'(으)로 변환하면서 데이터가 손실될 수 있습니다.
d:\my codes\siprikorea\splayer\decoders\faac\libfaac\aacquant.c(602): warning C4244: '=': 'double'에서 'int'(으)로 변환하면서 데이터가 손실될 수 있습니다.
d:\my codes\siprikorea\splayer\decoders\faac\libfaac\aacquant.c(614): warning C4244: '=': 'double'에서 'int'(으)로 변환하면서 데이터가 손실될 수 있습니다.
  코드를 생성하고 있습니다...
C:\Program Files (x86)\MSBuild\Microsoft.Cpp\v4.0\V140\Microsoft.CppBuild.targets(1357,5): warning MSB8012: TargetPath(D:\My Codes\siprikorea\splayer\Debug\libfaac.lib) does not match the Library's OutputFile property value (D:\My Codes\siprikorea\splayer\decoders\faac\libfaac\Debug\libfaac.lib). This may cause your project to build incorrectly. To correct this, please make sure that $(OutDir), $(TargetName) and $(TargetExt) property values match the value specified in %(Lib.OutputFile).
  libfaac.vcxproj -> D:\My Codes\siprikorea\splayer\Debug\libfaac.lib
